<?xml version="1.0" encoding="UTF-8"?>
<!-- Generated by org.testng.reporters.JUnitReportReporter -->
<testsuite hostname="Shamanth" failures="0" tests="1" name="GridTests.firefoxTest" time="13.144" errors="0" timestamp="2024-01-31T16:23:59 IST" skipped="0">
  <testcase classname="GridTests.firefoxTest" name="HomePageCheck" time="13.144"/>
  <system-out/>
</testsuite> <!-- GridTests.firefoxTest -->
